2022-03-09T09:36:16.4546585 I/O error on POST request for "http://localhost:8080/register": Connection refused: connect; nested exception is java.net.ConnectException: Connection refused: connect
2022-03-09T14:29:03.8251792 I/O error on POST request for "http://localhost:8080/login": Connection refused: connect; nested exception is java.net.ConnectException: Connection refused: connect
2022-03-09T14:39:02.4062378 400 : [{"timestamp":"2022-03-09T19:39:02.383+00:00","status":400,"error":"Bad Request","message":"User registration failed.","path":"/register"}]
2022-03-09T15:18:57.1322773 401 : [no body]
2022-03-09T15:44:00.3358237 401 : [no body]
2022-03-09T15:44:19.7580583 400 : [{"timestamp":"2022-03-09T20:44:19.676+00:00","status":400,"error":"Bad Request","message":"User registration failed.","path":"/register"}]
2022-03-09T15:53:26.2594756 
2022-03-09T16:02:42.9999237 404 : [{"timestamp":"2022-03-09T21:02:42.807+00:00","status":404,"error":"Not Found","message":"No message available","path":"/"}]
2022-03-09T16:05:30.1331048 404 : [{"timestamp":"2022-03-09T21:05:30.057+00:00","status":404,"error":"Not Found","message":"No message available","path":"/"}]
2022-03-09T16:06:16.899844 404 : [{"timestamp":"2022-03-09T21:06:16.822+00:00","status":404,"error":"Not Found","message":"No message available","path":"/"}]
2022-03-09T16:07:35.2027818 404 : [{"timestamp":"2022-03-09T21:07:35.004+00:00","status":404,"error":"Not Found","message":"No message available","path":"/"}]
2022-03-09T16:07:41.839685 404 : [{"timestamp":"2022-03-09T21:07:41.838+00:00","status":404,"error":"Not Found","message":"No message available","path":"/"}]
2022-03-09T16:09:15.5448073 404 : [{"timestamp":"2022-03-09T21:09:15.526+00:00","status":404,"error":"Not Found","message":"No message available","path":"/"}]
2022-03-09T16:16:15.0997081 404 : [{"timestamp":"2022-03-09T21:16:14.932+00:00","status":404,"error":"Not Found","message":"No message available","path":"/"}]
2022-03-09T16:17:40.9217019 404 : [{"timestamp":"2022-03-09T21:17:40.901+00:00","status":404,"error":"Not Found","message":"No message available","path":"/"}]
2022-03-09T16:44:22.8512138 404 : [{"timestamp":"2022-03-09T21:44:22.828+00:00","status":404,"error":"Not Found","message":"No message available","path":"/"}]
2022-03-09T16:45:14.4023126 404 : [{"timestamp":"2022-03-09T21:45:14.005+00:00","status":404,"error":"Not Found","message":"No message available","path":"/"}]
2022-03-09T16:56:10.9866981 500 : [{"timestamp":"2022-03-09T21:56:10.753+00:00","status":500,"error":"Internal Server Error","message":"No message available","path":"/allusers"}]
2022-03-09T16:57:48.8046066 500 : [{"timestamp":"2022-03-09T21:57:46.400+00:00","status":500,"error":"Internal Server Error","message":"No message available","path":"/allusers"}]
2022-03-09T17:01:30.077598 500 : [{"timestamp":"2022-03-09T22:01:30.045+00:00","status":500,"error":"Internal Server Error","message":"No message available","path":"/allusers"}]
2022-03-09T17:02:15.0445456 401 : [{"timestamp":"2022-03-09T22:02:14.661+00:00","status":401,"error":"Unauthorized","message":"Full authentication is required to access this resource","path":"/allusers"}]
2022-03-09T17:03:30.1579829 401 : [{"timestamp":"2022-03-09T22:03:30.132+00:00","status":401,"error":"Unauthorized","message":"Full authentication is required to access this resource","path":"/allusers"}]
